<?xml version="1.0" encoding="UTF-8"?>
<!-- Generated by org.testng.reporters.JUnitReportReporter -->
<testsuite hostname="Siva" failures="0" tests="1" name="selenium.LinkTextDemo" time="8.441" errors="0" timestamp="15 Feb 2024 02:25:56 GMT" skipped="0">
  <testcase classname="selenium.LinkTextDemo" name="linktextDemo" time="8.441"/>
</testsuite> <!-- selenium.LinkTextDemo -->
