<?xml version="1.0" encoding="UTF-8"?>
<!-- Generated by org.testng.reporters.JUnitReportReporter -->
<testsuite hostname="Siva" failures="0" tests="1" name="selenium.IDandNameLocator" time="16.857" errors="0" timestamp="15 Feb 2024 02:23:16 GMT" skipped="0">
  <testcase classname="selenium.IDandNameLocator" name="IdandNameDemo" time="16.857"/>
</testsuite> <!-- selenium.IDandNameLocator -->
