<?xml version="1.0" encoding="UTF-8"?>
<!-- Generated by org.testng.reporters.JUnitReportReporter -->
<testsuite hostname="Siva" failures="0" tests="5" name="selenium.LearnAttributes1" time="0.015" errors="0" timestamp="15 Feb 2024 02:41:15 GMT" skipped="1">
  <testcase classname="selenium.LearnAttributes1" name="addToCart" time="0.007"/>
  <testcase classname="selenium.LearnAttributes1" name="searchProduct" time="0.002"/>
  <testcase classname="selenium.LearnAttributes1" name="signUp" time="0.001"/>
  <testcase classname="selenium.LearnAttributes1" name="signOut" time="0.005"/>
  <testcase classname="selenium.LearnAttributes1" name="login">
    <skipped/>
  </testcase> <!-- login -->
</testsuite> <!-- selenium.LearnAttributes1 -->
